#-----------------------------------------------------------
# Vivado v2015.4 (64-bit)
# SW Build 1412921 on Wed Nov 18 09:43:45 MST 2015
# IP Build 1412160 on Tue Nov 17 13:47:24 MST 2015
# Start of session at: Sat Dec 17 14:21:45 2016
# Process ID: 50632
# Current directory: D:/MIZ_SOC/SEASON_03/CH06_AXI_VDMA_OV7725/Miz_sys
# Command line: vivado.exe -gui_launcher_event rodinguilauncherevent45212 D:\MIZ_SOC\SEASON_03\CH06_AXI_VDMA_OV7725\Miz_sys\Miz_sys.xpr
# Log file: D:/MIZ_SOC/SEASON_03/CH06_AXI_VDMA_OV7725/Miz_sys/vivado.log
# Journal file: D:/MIZ_SOC/SEASON_03/CH06_AXI_VDMA_OV7725/Miz_sys\vivado.jou
#-----------------------------------------------------------
start_gui
open_project D:/MIZ_SOC/SEASON_03/CH06_AXI_VDMA_OV7725/Miz_sys/Miz_sys.xpr
Scanning sources...
Finished scanning sources
INFO: [IP_Flow 19-234] Refreshing IP repositories
INFO: [IP_Flow 19-1700] Loaded user IP repository 'd:/MIZ_SOC/SEASON_03/CH06_AXI_VDMA_OV7725/Miz_ip_lib/AXI_OLED'.
INFO: [IP_Flow 19-1700] Loaded user IP repository 'd:/MIZ_SOC/SEASON_03/CH06_AXI_VDMA_OV7725/Miz_ip_lib/OV_Sensor_ML'.
INFO: [IP_Flow 19-2313] Loaded Vivado IP repository 'D:/Xilinx/Vivado/2015.4/data/ip'.
open_project: Time (s): cpu = 00:00:15 ; elapsed = 00:00:08 . Memory (MB): peak = 906.938 ; gain = 228.813
launch_sdk -workspace D:/MIZ_SOC/SEASON_03/CH06_AXI_VDMA_OV7725/Miz_sys/Miz_sys.sdk -hwspec D:/MIZ_SOC/SEASON_03/CH06_AXI_VDMA_OV7725/Miz_sys/Miz_sys.sdk/system_wrapper.hdf
INFO: [Vivado 12-393] Launching SDK...
INFO: [Vivado 12-417] Running xsdk -workspace D:/MIZ_SOC/SEASON_03/CH06_AXI_VDMA_OV7725/Miz_sys/Miz_sys.sdk -hwspec D:/MIZ_SOC/SEASON_03/CH06_AXI_VDMA_OV7725/Miz_sys/Miz_sys.sdk/system_wrapper.hdf
INFO: [Vivado 12-3157] SDK launch initiated. Please check console for any further messages.
exit
INFO: [Common 17-206] Exiting Vivado at Sat Dec 17 14:27:12 2016...
