#-----------------------------------------------------------
# Vivado v2015.4 (64-bit)
# SW Build 1412921 on Wed Nov 18 09:43:45 MST 2015
# IP Build 1412160 on Tue Nov 17 13:47:24 MST 2015
# Start of session at: Sun Dec 18 20:16:00 2016
# Process ID: 10600
# Current directory: D:/MIZ_SOC/SEASON_03/CH06_AXI_VDMA_OV7725/Miz_sys
# Command line: vivado.exe -gui_launcher_event rodinguilauncherevent10532 D:\MIZ_SOC\SEASON_03\CH06_AXI_VDMA_OV7725\Miz_sys\Miz_sys.xpr
# Log file: D:/MIZ_SOC/SEASON_03/CH06_AXI_VDMA_OV7725/Miz_sys/vivado.log
# Journal file: D:/MIZ_SOC/SEASON_03/CH06_AXI_VDMA_OV7725/Miz_sys\vivado.jou
#-----------------------------------------------------------
start_gui
open_project D:/MIZ_SOC/SEASON_03/CH06_AXI_VDMA_OV7725/Miz_sys/Miz_sys.xpr
Scanning sources...
Finished scanning sources
INFO: [IP_Flow 19-234] Refreshing IP repositories
INFO: [IP_Flow 19-1700] Loaded user IP repository 'd:/MIZ_SOC/SEASON_03/CH06_AXI_VDMA_OV7725/Miz_ip_lib/AXI_OLED'.
INFO: [IP_Flow 19-1700] Loaded user IP repository 'd:/MIZ_SOC/SEASON_03/CH06_AXI_VDMA_OV7725/Miz_ip_lib/OV_Sensor_ML'.
INFO: [IP_Flow 19-2313] Loaded Vivado IP repository 'D:/Xilinx/Vivado/2015.4/data/ip'.
open_project: Time (s): cpu = 00:00:16 ; elapsed = 00:00:08 . Memory (MB): peak = 869.656 ; gain = 212.023
open_bd_design {D:/MIZ_SOC/SEASON_03/CH06_AXI_VDMA_OV7725/Miz_sys/Miz_sys.srcs/sources_1/bd/system/system.bd}
Adding component instance block -- xilinx.com:ip:processing_system7:5.5 - processing_system7_0
Adding component instance block -- xilinx.com:ip:proc_sys_reset:5.0 - rst_processing_system7_0_50M
Adding component instance block -- xilinx.com:ip:v_vid_in_axi4s:4.0 - v_vid_in_axi4s_0
Adding component instance block -- xilinx.com:ip:v_axi4s_vid_out:4.0 - v_axi4s_vid_out_0
Adding component instance block -- xilinx.com:ip:v_tc:6.1 - v_tc_0
Adding component instance block -- xilinx.com:ip:clk_wiz:5.2 - clk_wiz_0
Adding component instance block -- xilinx.com:ip:axi_vdma:6.2 - axi_vdma_0
Adding component instance block -- xilinx.com:ip:xlconstant:1.1 - xlconstant_1
Adding component instance block -- xilinx.com:ip:util_vector_logic:2.0 - util_vector_logic_0
Adding component instance block -- xilinx.com:user:OV_Sensor_ML:1.0 - OV_Sensor_ML_0
Adding component instance block -- xilinx.com:ip:axi_crossbar:2.1 - xbar
Adding component instance block -- xilinx.com:ip:axi_protocol_converter:2.1 - auto_pc
Adding component instance block -- xilinx.com:ip:axi_dwidth_converter:2.1 - auto_us
Adding component instance block -- xilinx.com:ip:axi_protocol_converter:2.1 - auto_pc
Successfully read diagram <system> from BD file <D:/MIZ_SOC/SEASON_03/CH06_AXI_VDMA_OV7725/Miz_sys/Miz_sys.srcs/sources_1/bd/system/system.bd>
open_bd_design: Time (s): cpu = 00:00:10 ; elapsed = 00:00:08 . Memory (MB): peak = 988.508 ; gain = 102.320
open_bd_design {D:/MIZ_SOC/SEASON_03/CH06_AXI_VDMA_OV7725/Miz_sys/Miz_sys.srcs/sources_1/bd/system/system.bd}
open_bd_design {D:/MIZ_SOC/SEASON_03/CH06_AXI_VDMA_OV7725/Miz_sys/Miz_sys.srcs/sources_1/bd/system/system.bd}
open_bd_design {D:/MIZ_SOC/SEASON_03/CH06_AXI_VDMA_OV7725/Miz_sys/Miz_sys.srcs/sources_1/bd/system/system.bd}
launch_sdk -workspace D:/MIZ_SOC/SEASON_03/CH06_AXI_VDMA_OV7725/Miz_sys/Miz_sys.sdk -hwspec D:/MIZ_SOC/SEASON_03/CH06_AXI_VDMA_OV7725/Miz_sys/Miz_sys.sdk/system_wrapper.hdf
INFO: [Vivado 12-393] Launching SDK...
INFO: [Vivado 12-417] Running xsdk -workspace D:/MIZ_SOC/SEASON_03/CH06_AXI_VDMA_OV7725/Miz_sys/Miz_sys.sdk -hwspec D:/MIZ_SOC/SEASON_03/CH06_AXI_VDMA_OV7725/Miz_sys/Miz_sys.sdk/system_wrapper.hdf
INFO: [Vivado 12-3157] SDK launch initiated. Please check console for any further messages.
file copy -force D:/MIZ_SOC/SEASON_03/CH06_AXI_VDMA_OV7725/Miz_sys/Miz_sys.runs/impl_1/system_wrapper.sysdef D:/MIZ_SOC/SEASON_03/CH06_AXI_VDMA_OV7725/Miz_sys/Miz_sys.sdk/system_wrapper.hdf

launch_sdk -workspace D:/MIZ_SOC/SEASON_03/CH06_AXI_VDMA_OV7725/Miz_sys/Miz_sys.sdk -hwspec D:/MIZ_SOC/SEASON_03/CH06_AXI_VDMA_OV7725/Miz_sys/Miz_sys.sdk/system_wrapper.hdf
INFO: [Vivado 12-393] Launching SDK...
INFO: [Vivado 12-417] Running xsdk -workspace D:/MIZ_SOC/SEASON_03/CH06_AXI_VDMA_OV7725/Miz_sys/Miz_sys.sdk -hwspec D:/MIZ_SOC/SEASON_03/CH06_AXI_VDMA_OV7725/Miz_sys/Miz_sys.sdk/system_wrapper.hdf
INFO: [Vivado 12-3157] SDK launch initiated. Please check console for any further messages.
open_bd_design {D:/MIZ_SOC/SEASON_03/CH06_AXI_VDMA_OV7725/Miz_sys/Miz_sys.srcs/sources_1/bd/system/system.bd}
exit
INFO: [Common 17-206] Exiting Vivado at Sun Dec 18 21:25:13 2016...
