\BOOKMARK [1][-]{section*.1}{\376\377\144\130\211\201}{}% 1
\BOOKMARK [1][-]{section.1}{\376\377\174\373\176\337\145\271\150\110\213\276\213\241}{}% 2
\BOOKMARK [2][-]{subsection.1.1}{\376\377\174\373\176\337\145\271\150\110\143\317\217\360}{section.1}% 3
\BOOKMARK [2][-]{subsection.1.2}{\376\377\145\271\150\110\153\324\217\203\124\214\220\011\142\351}{section.1}% 4
\BOOKMARK [3][-]{subsubsection.1.2.1}{\376\377\221\307\150\067\220\073\217\221\213\276\213\241\145\271\150\110}{subsection.1.2}% 5
\BOOKMARK [3][-]{subsubsection.1.2.2}{\376\377\117\341\123\367\214\003\164\006\145\271\150\110}{subsection.1.2}% 6
\BOOKMARK [3][-]{subsubsection.1.2.3}{\376\377\116\073\143\247\220\011\142\351\145\271\150\110}{subsection.1.2}% 7
\BOOKMARK [2][-]{subsection.1.3}{\376\377\174\373\176\337\150\106\126\376}{section.1}% 8
\BOOKMARK [1][-]{section.2}{\376\377\166\370\121\163\123\237\164\006\124\214\176\306\202\202\213\276\213\241}{}% 9
\BOOKMARK [2][-]{subsection.2.1}{\376\377\000A\000D\000C\220\011\127\213\123\312\232\161\122\250}{section.2}% 10
\BOOKMARK [3][-]{subsubsection.2.1.1}{\376\377\000A\000D\000C\220\011\127\213}{subsection.2.1}% 11
\BOOKMARK [3][-]{subsubsection.2.1.2}{\376\377\000A\000D\000C\232\161\122\250}{subsection.2.1}% 12
\BOOKMARK [2][-]{subsection.2.2}{\376\377\000F\000P\000G\000A\220\011\127\213}{section.2}% 13
\BOOKMARK [2][-]{subsection.2.3}{\376\377\221\307\150\067\211\346\123\321\143\247\122\066}{section.2}% 14
\BOOKMARK [2][-]{subsection.2.4}{\376\377\173\111\174\276\136\246\230\221\163\207\155\113\221\317}{section.2}% 15
\BOOKMARK [2][-]{subsection.2.5}{\376\377\145\160\143\156\155\101\143\245\123\343\213\276\213\241}{section.2}% 16
\BOOKMARK [2][-]{subsection.2.6}{\376\377\000D\000M\000A\213\276\213\241}{section.2}% 17
\BOOKMARK [2][-]{subsection.2.7}{\376\377\155\262\146\166\146\076\171\072\134\117\116\016\116\272\147\072\116\244\116\222}{section.2}% 18
\BOOKMARK [2][-]{subsection.2.8}{\376\377\211\306\230\221\155\101\166\364\143\245\133\130\120\250\126\150\213\277\225\356\377\010\000V\000e\000d\000i\000o\000\040\000D\000M\000A\377\011}{section.2}% 19
\BOOKMARK [2][-]{subsection.2.9}{\376\377\145\366\136\217\143\247\122\066\126\150\377\010\000V\000i\000d\000e\000o\000\040\000T\000i\000m\000i\000n\000g\000\040\000C\000o\000n\000t\000r\000o\000l\000l\000e\000r\377\011}{section.2}% 20
\BOOKMARK [2][-]{subsection.2.10}{\376\377\000L\000C\000D\200\314\121\111\143\247\122\066}{section.2}% 21
\BOOKMARK [2][-]{subsection.2.11}{\376\377\154\342\137\142\145\160\143\156\133\130\120\250}{section.2}% 22
\BOOKMARK [1][-]{section.3}{\376\377\165\065\215\357\213\276\213\241}{}% 23
\BOOKMARK [2][-]{subsection.3.1}{\376\377\117\341\123\367\214\003\164\006\165\065\215\357}{section.3}% 24
\BOOKMARK [2][-]{subsection.3.2}{\376\377\232\330\220\037\000A\000D\000C\221\307\150\067\165\065\215\357}{section.3}% 25
\BOOKMARK [2][-]{subsection.3.3}{\376\377\165\065\156\220\213\276\213\241}{section.3}% 26
\BOOKMARK [1][-]{section.4}{\376\377\172\013\136\217\213\276\213\241}{}% 27
\BOOKMARK [2][-]{subsection.4.1}{\376\377\000P\000S\000-\000P\000L\123\117\124\014\213\276\213\241\151\202\217\360}{section.4}% 28
\BOOKMARK [2][-]{subsection.4.2}{\376\377\135\114\121\145\137\017\217\157\116\366\137\000\123\321}{section.4}% 29
\BOOKMARK [2][-]{subsection.4.3}{\376\377\000F\000P\000G\000A\220\073\217\221\137\000\123\321}{section.4}% 30
\BOOKMARK [3][-]{subsubsection.4.3.1}{\376\377\000F\000I\000F\000O\152\041\127\127}{subsection.4.3}% 31
\BOOKMARK [3][-]{subsubsection.4.3.2}{\376\377\166\364\143\245\133\130\120\250\126\150\213\277\225\356\377\010\000D\000M\000A\377\011\152\041\127\127}{subsection.4.3}% 32
\BOOKMARK [3][-]{subsubsection.4.3.3}{\376\377\000Z\000Y\000N\000Q\0007\000\040\000P\000r\000o\000c\000e\000s\000s\000i\000n\000g\000\040\000S\000y\000s\000t\000e\000m}{subsection.4.3}% 33
\BOOKMARK [3][-]{subsubsection.4.3.4}{\376\377\155\262\146\166\146\076\171\072\126\150\232\161\122\250\152\041\127\127}{subsection.4.3}% 34
\BOOKMARK [1][-]{section.5}{\376\377\174\373\176\337\116\377\167\037\116\016\214\003\213\325}{}% 35
\BOOKMARK [2][-]{subsection.5.1}{\376\377\000F\000P\000G\000A\137\000\123\321\155\101\172\013}{section.5}% 36
\BOOKMARK [3][-]{subsubsection.5.1.1}{\376\377\137\000\123\321\155\101\172\013\221\315\211\201\153\145\232\244\213\364\146\016\116\016\126\376\171\072}{subsection.5.1}% 37
\BOOKMARK [4][-]{subsubsubsection.5.1.1.1}{\376\377\145\260\136\372\135\345\172\013}{subsubsection.5.1.1}% 38
\BOOKMARK [4][-]{subsubsubsection.5.1.1.2}{\376\377\145\260\136\372\145\207\116\366}{subsubsection.5.1.1}% 39
\BOOKMARK [4][-]{subsubsubsection.5.1.1.3}{\376\377\122\237\200\375\116\377\167\037}{subsubsection.5.1.1}% 40
\BOOKMARK [4][-]{subsubsubsection.5.1.1.4}{\376\377\137\025\201\032\176\246\147\137}{subsubsection.5.1.1}% 41
\BOOKMARK [4][-]{subsubsubsection.5.1.1.5}{\376\377\145\366\136\217\176\246\147\137}{subsubsection.5.1.1}% 42
\BOOKMARK [4][-]{subsubsubsection.5.1.1.6}{\376\377\176\374\124\010\000R\000T\000L\165\065\215\357\126\376}{subsubsection.5.1.1}% 43
\BOOKMARK [3][-]{subsubsection.5.1.2}{\376\377\176\374\124\010\133\236\163\260\142\245\124\112\116\016\122\006\147\220}{subsection.5.1}% 44
\BOOKMARK [4][-]{subsubsubsection.5.1.2.1}{\376\377\145\366\136\217\142\245\124\112\122\006\147\220}{subsubsection.5.1.2}% 45
\BOOKMARK [4][-]{subsubsubsection.5.1.2.2}{\376\377\122\237\200\027\122\006\147\220}{subsubsection.5.1.2}% 46
\BOOKMARK [4][-]{subsubsubsection.5.1.2.3}{\376\377\215\104\156\220\122\006\147\220}{subsubsection.5.1.2}% 47
\BOOKMARK [4][-]{subsubsubsection.5.1.2.4}{\376\377\165\065\215\357\133\236\163\260\162\110\126\376}{subsubsection.5.1.2}% 48
\BOOKMARK [2][-]{subsection.5.2}{\376\377\000F\000P\000G\000A\214\003\213\325}{section.5}% 49
\BOOKMARK [3][-]{subsubsection.5.2.1}{\376\377\000I\000L\000A\155\113\213\325\173\200\116\313}{subsection.5.2}% 50
\BOOKMARK [4][-]{subsubsubsection.5.2.1.1}{\376\377\000V\000i\000v\000a\000d\000o\000\040\000I\000L\000A\173\200\116\313}{subsubsection.5.2.1}% 51
\BOOKMARK [4][-]{subsubsubsection.5.2.1.2}{\376\377\000V\000i\000v\000a\000d\000o\000\040\000I\000L\000A\166\204\117\177\165\050}{subsubsection.5.2.1}% 52
\BOOKMARK [3][-]{subsubsection.5.2.2}{\376\377\000I\000L\000A\214\003\213\325\122\006\147\220}{subsection.5.2}% 53
\BOOKMARK [4][-]{subsubsubsection.5.2.2.1}{\376\377\000A\000D\000C\060\001\221\307\150\067\060\001\211\346\123\321\174\373\176\337\060\001\000F\000I\000F\000O\060\001\000D\000M\000A\176\374\124\010\214\003\213\325}{subsubsection.5.2.2}% 54
\BOOKMARK [3][-]{subsubsection.5.2.3}{\376\377\155\262\146\166\146\076\171\072\134\117\214\003\213\325}{subsection.5.2}% 55
\BOOKMARK [3][-]{subsubsection.5.2.4}{\376\377\116\272\147\072\116\244\116\222\165\114\227\142\214\003\213\325}{subsection.5.2}% 56
\BOOKMARK [3][-]{subsubsection.5.2.5}{\376\377\116\373\122\241\214\003\136\246\214\003\213\325}{subsection.5.2}% 57
\BOOKMARK [2][-]{subsection.5.3}{\376\377\174\373\176\337\122\237\200\375\155\113\213\325}{section.5}% 58
\BOOKMARK [1][-]{section.6}{\376\377\155\113\213\325\145\271\150\110\116\016\155\113\213\325\176\323\147\234}{}% 59
\BOOKMARK [2][-]{subsection.6.1}{\376\377\155\113\213\325\163\257\130\203}{section.6}% 60
\BOOKMARK [2][-]{subsection.6.2}{\376\377\155\113\213\325\145\271\150\110}{section.6}% 61
\BOOKMARK [3][-]{subsubsection.6.2.1}{\376\377\145\271\154\342\150\041\121\306\117\341\123\367\155\113\213\325\145\271\150\110}{subsection.6.2}% 62
\BOOKMARK [3][-]{subsubsection.6.2.2}{\376\377\123\125\153\041\211\346\123\321\142\153\143\317\155\113\213\325\145\271\150\110}{subsection.6.2}% 63
\BOOKMARK [3][-]{subsubsection.6.2.3}{\376\377\142\153\143\317\220\037\136\246\155\113\213\325\145\271\150\110}{subsection.6.2}% 64
\BOOKMARK [3][-]{subsubsection.6.2.4}{\376\377\127\202\166\364\160\165\145\117\136\246\155\113\213\325\145\271\150\110}{subsection.6.2}% 65
\BOOKMARK [2][-]{subsection.6.3}{\376\377\155\113\213\325\176\323\147\234\116\016\145\160\143\156}{section.6}% 66
\BOOKMARK [3][-]{subsubsection.6.3.1}{\376\377\145\271\154\342\150\041\121\306\117\341\123\367\155\113\213\325}{subsection.6.3}% 67
\BOOKMARK [3][-]{subsubsection.6.3.2}{\376\377\123\125\153\041\211\346\123\321\142\153\143\317\155\113\213\325}{subsection.6.3}% 68
\BOOKMARK [3][-]{subsubsection.6.3.3}{\376\377\142\153\143\317\220\037\136\246\155\113\213\325}{subsection.6.3}% 69
\BOOKMARK [3][-]{subsubsection.6.3.4}{\376\377\127\202\166\364\160\165\145\117\136\246\155\113\213\325}{subsection.6.3}% 70
\BOOKMARK [2][-]{subsection.6.4}{\376\377\155\113\213\325\176\323\147\234\122\006\147\220}{section.6}% 71
\BOOKMARK [1][-]{section.7}{\376\377\225\356\230\230\122\006\147\220\116\016\140\073\176\323}{}% 72
\BOOKMARK [2][-]{subsection.7.1}{\376\377\225\356\230\230\122\006\147\220}{section.7}% 73
\BOOKMARK [3][-]{subsubsection.7.1.1}{\376\377\145\160\133\127\171\072\154\342\126\150\170\154\116\366\225\356\230\230}{subsection.7.1}% 74
\BOOKMARK [3][-]{subsubsection.7.1.2}{\376\377\145\160\133\127\171\072\154\342\126\150\217\157\116\366\225\356\230\230}{subsection.7.1}% 75
\BOOKMARK [2][-]{subsection.7.2}{\376\377\137\303\137\227\141\037\140\237}{section.7}% 76
\BOOKMARK [1][-]{section.8}{\376\377\123\302\200\003\145\207\163\056}{}% 77
\BOOKMARK [1][-]{appendix.1.A}{\376\377\226\104\137\125\000\040\060\020\0002\0000\0000\0007\126\375\215\133\000C\230\230\060\021\145\160\133\127\171\072\154\342\126\150}{}% 78
\BOOKMARK [1][-]{appendix.1.B}{\376\377\226\104\137\125\000\040\136\163\123\360\213\364\146\016\123\312\116\073\211\201\121\103\126\150\116\366\156\005\123\125}{}% 79
