#-----------------------------------------------------------
# Webtalk v2018.3 (64-bit)
# SW Build 2405991 on Thu Dec  6 23:36:41 MST 2018
# 
# Start of session at: Thu Dec 26 10:55:57 2019
# Process ID: 8193
# Current directory: /home/tonywu/Xilinx/FPGA_Project/zynq/LCD_Lvgl/Miz_sys.sdk/webtalk
# Command line: wbtcv -mode batch -source sdk_webtalk.tcl
# Log file: /home/tonywu/Xilinx/FPGA_Project/zynq/LCD_Lvgl/Miz_sys.sdk/webtalk/webtalk.log
# Journal file: /home/tonywu/Xilinx/FPGA_Project/zynq/LCD_Lvgl/Miz_sys.sdk/webtalk/webtalk.jou
#-----------------------------------------------------------
source sdk_webtalk.tcl
# webtalk_init -webtalk_dir /home/tonywu/Xilinx/FPGA_Project/zynq/LCD_Lvgl/Miz_sys.sdk/webtalk
# webtalk_register_client -client project
# webtalk_add_data -client project -key date_generated -value "2019-12-26 10:55:56" -context "software_version_and_target_device"
# webtalk_add_data -client project -key product_version -value "SDK v2018.3" -context "software_version_and_target_device"
# webtalk_add_data -client project -key build_version -value "2018.3" -context "software_version_and_target_device"
# webtalk_add_data -client project -key os_platform -value "amd64" -context "software_version_and_target_device"
# webtalk_add_data -client project -key registration_id -value "" -context "software_version_and_target_device"
# webtalk_add_data -client project -key tool_flow -value "SDK" -context "software_version_and_target_device"
# webtalk_add_data -client project -key beta -value "false" -context "software_version_and_target_device"
# webtalk_add_data -client project -key route_design -value "NA" -context "software_version_and_target_device"
# webtalk_add_data -client project -key target_family -value "NA" -context "software_version_and_target_device"
# webtalk_add_data -client project -key target_device -value "NA" -context "software_version_and_target_device"
# webtalk_add_data -client project -key target_package -value "NA" -context "software_version_and_target_device"
# webtalk_add_data -client project -key target_speed -value "NA" -context "software_version_and_target_device"
# webtalk_add_data -client project -key random_id -value "m8jhf0qiv1d3vlg7496i30e6lt" -context "software_version_and_target_device"
# webtalk_add_data -client project -key project_id -value "2018.3_59" -context "software_version_and_target_device"
# webtalk_add_data -client project -key project_iteration -value "59" -context "software_version_and_target_device"
# webtalk_add_data -client project -key os_name -value "Ubuntu" -context "user_environment"
# webtalk_add_data -client project -key os_release -value "Ubuntu 16.04.6 LTS" -context "user_environment"
# webtalk_add_data -client project -key cpu_name -value "Intel(R) Core(TM) i7-7500U CPU @ 2.70GHz" -context "user_environment"
# webtalk_add_data -client project -key cpu_speed -value "1488.420 MHz" -context "user_environment"
# webtalk_add_data -client project -key total_processors -value "1" -context "user_environment"
# webtalk_add_data -client project -key system_ram -value "16.702 GB" -context "user_environment"
# webtalk_register_client -client sdk
# webtalk_add_data -client sdk -key uid -value "1577328570000" -context "sdk\\\\bsp/1577328570000"
# webtalk_add_data -client sdk -key hwid -value "1577276889000" -context "sdk\\\\bsp/1577328570000"
# webtalk_add_data -client sdk -key os -value "standalone" -context "sdk\\\\bsp/1577328570000"
# webtalk_add_data -client sdk -key apptemplate -value "zynq_fsbl" -context "sdk\\\\bsp/1577328570000"
# webtalk_add_data -client sdk -key RecordType -value "BSPCreation" -context "sdk\\\\bsp/1577328570000"
# webtalk_add_data -client sdk -key uid -value "1577328576000" -context "sdk\\\\application/1577328576000"
# webtalk_add_data -client sdk -key hwid -value "1577276889000" -context "sdk\\\\application/1577328576000"
# webtalk_add_data -client sdk -key bspid -value "1577328570000" -context "sdk\\\\application/1577328576000"
# webtalk_add_data -client sdk -key newbsp -value "true" -context "sdk\\\\application/1577328576000"
# webtalk_add_data -client sdk -key os -value "standalone" -context "sdk\\\\application/1577328576000"
# webtalk_add_data -client sdk -key apptemplate -value "zynq_fsbl" -context "sdk\\\\application/1577328576000"
# webtalk_add_data -client sdk -key RecordType -value "APPCreation" -context "sdk\\\\application/1577328576000"
# webtalk_add_data -client sdk -key LangUsed -value "C" -context "sdk\\\\application/1577328576000"
# webtalk_add_data -client sdk -key Procused -value "ps7_cortexa9" -context "sdk\\\\application/1577328576000"
# webtalk_add_data -client sdk -key projSize -value "600.703125" -context "sdk\\\\application/1577328576000"
# webtalk_add_data -client sdk -key uid -value "NA" -context "sdk\\\\bsp/1577328956171"
# webtalk_add_data -client sdk -key RecordType -value "ToolUsage" -context "sdk\\\\bsp/1577328956171"
# webtalk_add_data -client sdk -key BootgenCount -value "1" -context "sdk\\\\bsp/1577328956171"
# webtalk_add_data -client sdk -key DebugCount -value "4" -context "sdk\\\\bsp/1577328956171"
# webtalk_add_data -client sdk -key PerfCount -value "0" -context "sdk\\\\bsp/1577328956171"
# webtalk_add_data -client sdk -key FlashCount -value "0" -context "sdk\\\\bsp/1577328956171"
# webtalk_add_data -client sdk -key CrossTriggCount -value "0" -context "sdk\\\\bsp/1577328956171"
# webtalk_add_data -client sdk -key QemuDebugCount -value "0" -context "sdk\\\\bsp/1577328956171"
# webtalk_transmit -clientid 567167782 -regid "" -xml /home/tonywu/Xilinx/FPGA_Project/zynq/LCD_Lvgl/Miz_sys.sdk/webtalk/usage_statistics_ext_sdk.xml -html /home/tonywu/Xilinx/FPGA_Project/zynq/LCD_Lvgl/Miz_sys.sdk/webtalk/usage_statistics_ext_sdk.html -wdm /home/tonywu/Xilinx/FPGA_Project/zynq/LCD_Lvgl/Miz_sys.sdk/webtalk/sdk_webtalk.wdm -intro "<H3>SDK Usage Report</H3><BR>"
INFO: [Common 17-186] '/home/tonywu/Xilinx/FPGA_Project/zynq/LCD_Lvgl/Miz_sys.sdk/webtalk/usage_statistics_ext_sdk.xml' has been successfully sent to Xilinx on Thu Dec 26 10:56:03 2019. For additional details about this file, please refer to the WebTalk help file at /opt/Xilinx/SDK/2018.3/doc/webtalk_introduction.html.
webtalk_transmit: Time (s): cpu = 00:00:00.66 ; elapsed = 00:00:06 . Memory (MB): peak = 402.953 ; gain = 0.000 ; free physical = 10656 ; free virtual = 25844
# webtalk_terminate
INFO: [Common 17-206] Exiting Webtalk at Thu Dec 26 10:56:03 2019...
